#
# There is insufficient memory for the Java Runtime Environment to continue.
# Native memory allocation (malloc) failed to allocate 353136 bytes for Chunk::new
# Possible reasons:
#   The system is out of physical RAM or swap space
#   In 32 bit mode, the process size limit was hit
# Possible solutions:
#   Reduce memory load on the system
#   Increase physical memory or swap space
#   Check if swap backing store is full
#   Use 64 bit Java on a 64 bit OS
#   Decrease Java heap size (-Xmx/-Xms)
#   Decrease number of Java threads
#   Decrease Java thread stack sizes (-Xss)
#   Set larger code cache with -XX:ReservedCodeCacheSize=
# This output file may be truncated or incomplete.
#
#  Out of Memory Error (allocation.cpp:390), pid=8576, tid=0x000000000000295c
#
# JRE version: Java(TM) SE Runtime Environment (8.0_131-b11) (build 1.8.0_131-b11)
# Java VM: Java HotSpot(TM) 64-Bit Server VM (25.131-b11 mixed mode windows-amd64 compressed oops)
# Failed to write core dump. Minidumps are not enabled by default on client versions of Windows
#

---------------  T H R E A D  ---------------

Current thread (0x0000000016711800):  JavaThread "C2 CompilerThread0" daemon [_thread_in_native, id=10588, stack(0x0000000017d70000,0x0000000017e70000)]

Stack: [0x0000000017d70000,0x0000000017e70000]
[error occurred during error reporting (printing stack bounds), id 0xc0000005]

Native frames: (J=compiled Java code, j=interpreted, Vv=VM code, C=native code)


Current CompileTask:
C2:  26369 3866       4       com.sun.beans.TypeResolver::resolve (37 bytes)


---------------  P R O C E S S  ---------------

Java Threads: ( => current thread )
  0x0000000019687800 JavaThread "File lock request listener" [_thread_in_native, id=11764, stack(0x000000001c300000,0x000000001c400000)]
  0x00000000191f7800 JavaThread "Stdin handler" [_thread_blocked, id=7968, stack(0x000000001ae30000,0x000000001af30000)]
  0x00000000191f6800 JavaThread "Asynchronous log dispatcher for org.gradle.launcher.daemon.server.DefaultDaemonConnection@285e08f8" [_thread_blocked, id=11364, stack(0x000000001ad30000,0x000000001ae30000)]
  0x00000000191f2800 JavaThread "Daemon worker" [_thread_in_vm, id=6688, stack(0x000000001ac30000,0x000000001ad30000)]
  0x000000001938e800 JavaThread "Cancel handler" [_thread_blocked, id=1864, stack(0x000000001ab30000,0x000000001ac30000)]
  0x0000000019361000 JavaThread "Handler for socket connection from /127.0.0.1:61402 to /127.0.0.1:61403" [_thread_in_native, id=10360, stack(0x000000001a830000,0x000000001a930000)]
  0x0000000019360800 JavaThread "Daemon" [_thread_blocked, id=10292, stack(0x000000001a730000,0x000000001a830000)]
  0x00000000190c5000 JavaThread "Incoming local TCP Connector on port 61402" [_thread_in_native, id=10348, stack(0x000000001a2f0000,0x000000001a3f0000)]
  0x00000000190d1000 JavaThread "pool-1-thread-1" [_thread_blocked, id=5660, stack(0x000000001a1f0000,0x000000001a2f0000)]
  0x0000000018099800 JavaThread "Service Thread" daemon [_thread_blocked, id=9176, stack(0x0000000018470000,0x0000000018570000)]
  0x0000000016716800 JavaThread "C1 CompilerThread2" daemon [_thread_blocked, id=3088, stack(0x0000000017f70000,0x0000000018070000)]
  0x0000000016713800 JavaThread "C2 CompilerThread1" daemon [_thread_blocked, id=908, stack(0x0000000017e70000,0x0000000017f70000)]
=>0x0000000016711800 JavaThread "C2 CompilerThread0" daemon [_thread_in_native, id=10588, stack(0x0000000017d70000,0x0000000017e70000)]
  0x000000001670e800 JavaThread "Attach Listener" daemon [_thread_blocked, id=10624, stack(0x0000000017c70000,0x0000000017d70000)]
  0x000000001670d800 JavaThread "Signal Dispatcher" daemon [_thread_blocked, id=1224, stack(0x0000000017b70000,0x0000000017c70000)]
  0x0000000002d9a000 JavaThread "Finalizer" daemon [_thread_blocked, id=7000, stack(0x0000000017980000,0x0000000017a80000)]
  0x0000000002d91000 JavaThread "Reference Handler" daemon [_thread_blocked, id=608, stack(0x0000000017880000,0x0000000017980000)]
  0x0000000002ca2800 JavaThread "main" [_thread_blocked, id=1376, stack(0x0000000002aa0000,0x0000000002ba0000)]

Other Threads:
  0x00000000166d7000 VMThread [stack: 0x0000000017780000,0x0000000017880000] [id=9460]
  0x000000001809d000 WatcherThread [stack: 0x0000000018570000,0x0000000018670000] [id=13144]

VM state:synchronizing (normal execution)

VM Mutex/Monitor currently owned by a thread:  ([mutex/lock_event])
[0x0000000002a9cd30] Threads_lock - owner thread: 0x00000000166d7000

Heap:
 PSYoungGen      total 109056K, used 37874K [0x00000000e0000000, 0x00000000ec000000, 0x0000000100000000)
  eden space 97792K, 38% used [0x00000000e0000000,0x00000000e24fc8b0,0x00000000e5f80000)
  from space 11264K, 0% used [0x00000000e5f80000,0x00000000e5f80000,0x00000000e6a80000)
  to   space 12800K, 0% used [0x00000000eb380000,0x00000000eb380000,0x00000000ec000000)
 ParOldGen       total 100864K, used 17898K [0x00000000a0000000, 0x00000000a6280000, 0x00000000e0000000)
  object space 100864K, 17% used [0x00000000a0000000,0x00000000a117a860,0x00000000a6280000)
 Metaspace       used 36864K, capacity 37734K, committed 38144K, reserved 1081344K
  class space    used 5002K, capacity 5272K, committed 5376K, reserved 1048576K

Card table byte_map: [0x0000000012160000,0x0000000012470000] byte_map_base: 0x0000000011c60000

Marking Bits: (ParMarkBitMap*) 0x000000005612c720
 Begin Bits: [0x0000000012a70000, 0x0000000014270000)
 End Bits:   [0x0000000014270000, 0x0000000015a70000)

Polling page: 0x00000000010e0000

CodeCache: size=245760Kb used=13600Kb max_used=13600Kb free=232159Kb
 bounds [0x0000000002da0000, 0x0000000003b00000, 0x0000000011da0000]
 total_blobs=4357 nmethods=3668 adapters=601
 compilation: enabled

Compilation events (10 events):
Event: 25.947 Thread 0x0000000016711800 3866       4       com.sun.beans.TypeResolver::resolve (37 bytes)
Event: 25.948 Thread 0x0000000016716800 nmethod 3865 0x0000000003af2290 code [0x0000000003af24e0, 0x0000000003af32c8]
Event: 25.950 Thread 0x0000000016716800 3868       3       sun.reflect.generics.reflectiveObjects.TypeVariableImpl::equals (67 bytes)
Event: 25.951 Thread 0x0000000016716800 nmethod 3868 0x0000000003af1410 code [0x0000000003af1600, 0x0000000003af2038]
Event: 25.953 Thread 0x0000000016716800 3869       3       java.util.LinkedList::<init> (11 bytes)
Event: 25.954 Thread 0x0000000016716800 nmethod 3869 0x0000000003af0c50 code [0x0000000003af0de0, 0x0000000003af11e8]
Event: 25.960 Thread 0x0000000016716800 3870       1       org.gradle.internal.metaobject.GetPropertyResult::isFound (5 bytes)
Event: 25.960 Thread 0x0000000016716800 nmethod 3870 0x0000000003ae9390 code [0x0000000003ae94e0, 0x0000000003ae95f0]
Event: 25.960 Thread 0x0000000016716800 3871       3       java.util.LinkedList::linkFirst (59 bytes)
Event: 25.961 Thread 0x0000000016716800 nmethod 3871 0x0000000003af4610 code [0x0000000003af4780, 0x0000000003af4ad0]

GC Heap History (10 events):
Event: 8.983 GC heap before
{Heap before GC invocations=5 (full 1):
 PSYoungGen      total 70656K, used 5104K [0x00000000e0000000, 0x00000000e4a00000, 0x0000000100000000)
  eden space 65536K, 0% used [0x00000000e0000000,0x00000000e0000000,0x00000000e4000000)
  from space 5120K, 99% used [0x00000000e4500000,0x00000000e49fc030,0x00000000e4a00000)
  to   space 5120K, 0% used [0x00000000e4000000,0x00000000e4000000,0x00000000e4500000)
 ParOldGen       total 86016K, used 7138K [0x00000000a0000000, 0x00000000a5400000, 0x00000000e0000000)
  object space 86016K, 8% used [0x00000000a0000000,0x00000000a06f89d8,0x00000000a5400000)
 Metaspace       used 20708K, capacity 21104K, committed 21296K, reserved 1067008K
  class space    used 2740K, capacity 2878K, committed 2944K, reserved 1048576K
Event: 9.055 GC heap after
Heap after GC invocations=5 (full 1):
 PSYoungGen      total 70656K, used 0K [0x00000000e0000000, 0x00000000e4a00000, 0x0000000100000000)
  eden space 65536K, 0% used [0x00000000e0000000,0x00000000e0000000,0x00000000e4000000)
  from space 5120K, 0% used [0x00000000e4500000,0x00000000e4500000,0x00000000e4a00000)
  to   space 5120K, 0% used [0x00000000e4000000,0x00000000e4000000,0x00000000e4500000)
 ParOldGen       total 59392K, used 7926K [0x00000000a0000000, 0x00000000a3a00000, 0x00000000e0000000)
  object space 59392K, 13% used [0x00000000a0000000,0x00000000a07bd960,0x00000000a3a00000)
 Metaspace       used 20708K, capacity 21104K, committed 21296K, reserved 1067008K
  class space    used 2740K, capacity 2878K, committed 2944K, reserved 1048576K
}
Event: 12.548 GC heap before
{Heap before GC invocations=6 (full 1):
 PSYoungGen      total 70656K, used 65536K [0x00000000e0000000, 0x00000000e4a00000, 0x0000000100000000)
  eden space 65536K, 100% used [0x00000000e0000000,0x00000000e4000000,0x00000000e4000000)
  from space 5120K, 0% used [0x00000000e4500000,0x00000000e4500000,0x00000000e4a00000)
  to   space 5120K, 0% used [0x00000000e4000000,0x00000000e4000000,0x00000000e4500000)
 ParOldGen       total 59392K, used 7926K [0x00000000a0000000, 0x00000000a3a00000, 0x00000000e0000000)
  object space 59392K, 13% used [0x00000000a0000000,0x00000000a07bd960,0x00000000a3a00000)
 Metaspace       used 26686K, capacity 27276K, committed 27392K, reserved 1073152K
  class space    used 3639K, capacity 3819K, committed 3840K, reserved 1048576K
Event: 12.559 GC heap after
Heap after GC invocations=6 (full 1):
 PSYoungGen      total 70656K, used 5090K [0x00000000e0000000, 0x00000000e7700000, 0x0000000100000000)
  eden space 65536K, 0% used [0x00000000e0000000,0x00000000e0000000,0x00000000e4000000)
  from space 5120K, 99% used [0x00000000e4000000,0x00000000e44f8b58,0x00000000e4500000)
  to   space 10752K, 0% used [0x00000000e6c80000,0x00000000e6c80000,0x00000000e7700000)
 ParOldGen       total 59392K, used 11295K [0x00000000a0000000, 0x00000000a3a00000, 0x00000000e0000000)
  object space 59392K, 19% used [0x00000000a0000000,0x00000000a0b07eb8,0x00000000a3a00000)
 Metaspace       used 26686K, capacity 27276K, committed 27392K, reserved 1073152K
  class space    used 3639K, capacity 3819K, committed 3840K, reserved 1048576K
}
Event: 16.446 GC heap before
{Heap before GC invocations=7 (full 1):
 PSYoungGen      total 70656K, used 70626K [0x00000000e0000000, 0x00000000e7700000, 0x0000000100000000)
  eden space 65536K, 100% used [0x00000000e0000000,0x00000000e4000000,0x00000000e4000000)
  from space 5120K, 99% used [0x00000000e4000000,0x00000000e44f8b58,0x00000000e4500000)
  to   space 10752K, 0% used [0x00000000e6c80000,0x00000000e6c80000,0x00000000e7700000)
 ParOldGen       total 59392K, used 11295K [0x00000000a0000000, 0x00000000a3a00000, 0x00000000e0000000)
  object space 59392K, 19% used [0x00000000a0000000,0x00000000a0b07eb8,0x00000000a3a00000)
 Metaspace       used 30209K, capacity 30996K, committed 31104K, reserved 1075200K
  class space    used 4142K, capacity 4397K, committed 4480K, reserved 1048576K
Event: 16.458 GC heap after
Heap after GC invocations=7 (full 1):
 PSYoungGen      total 106496K, used 9068K [0x00000000e0000000, 0x00000000e7580000, 0x0000000100000000)
  eden space 97280K, 0% used [0x00000000e0000000,0x00000000e0000000,0x00000000e5f00000)
  from space 9216K, 98% used [0x00000000e6c80000,0x00000000e755b280,0x00000000e7580000)
  to   space 11264K, 0% used [0x00000000e5f80000,0x00000000e5f80000,0x00000000e6a80000)
 ParOldGen       total 59392K, used 11303K [0x00000000a0000000, 0x00000000a3a00000, 0x00000000e0000000)
  object space 59392K, 19% used [0x00000000a0000000,0x00000000a0b09eb8,0x00000000a3a00000)
 Metaspace       used 30209K, capacity 30996K, committed 31104K, reserved 1075200K
  class space    used 4142K, capacity 4397K, committed 4480K, reserved 1048576K
}
Event: 19.802 GC heap before
{Heap before GC invocations=8 (full 1):
 PSYoungGen      total 106496K, used 71198K [0x00000000e0000000, 0x00000000e7580000, 0x0000000100000000)
  eden space 97280K, 63% used [0x00000000e0000000,0x00000000e3cac7e8,0x00000000e5f00000)
  from space 9216K, 98% used [0x00000000e6c80000,0x00000000e755b280,0x00000000e7580000)
  to   space 11264K, 0% used [0x00000000e5f80000,0x00000000e5f80000,0x00000000e6a80000)
 ParOldGen       total 59392K, used 11303K [0x00000000a0000000, 0x00000000a3a00000, 0x00000000e0000000)
  object space 59392K, 19% used [0x00000000a0000000,0x00000000a0b09eb8,0x00000000a3a00000)
 Metaspace       used 34573K, capacity 35288K, committed 35456K, reserved 1079296K
  class space    used 4708K, capacity 4933K, committed 4992K, reserved 1048576K
Event: 20.081 GC heap after
Heap after GC invocations=8 (full 1):
 PSYoungGen      total 109056K, used 11247K [0x00000000e0000000, 0x00000000ec000000, 0x0000000100000000)
  eden space 97792K, 0% used [0x00000000e0000000,0x00000000e0000000,0x00000000e5f80000)
  from space 11264K, 99% used [0x00000000e5f80000,0x00000000e6a7bf10,0x00000000e6a80000)
  to   space 12800K, 0% used [0x00000000eb380000,0x00000000eb380000,0x00000000ec000000)
 ParOldGen       total 59392K, used 11725K [0x00000000a0000000, 0x00000000a3a00000, 0x00000000e0000000)
  object space 59392K, 19% used [0x00000000a0000000,0x00000000a0b73480,0x00000000a3a00000)
 Metaspace       used 34573K, capacity 35288K, committed 35456K, reserved 1079296K
  class space    used 4708K, capacity 4933K, committed 4992K, reserved 1048576K
}
Event: 20.081 GC heap before
{Heap before GC invocations=9 (full 2):
 PSYoungGen      total 109056K, used 11247K [0x00000000e0000000, 0x00000000ec000000, 0x0000000100000000)
  eden space 97792K, 0% used [0x00000000e0000000,0x00000000e0000000,0x00000000e5f80000)
  from space 11264K, 99% used [0x00000000e5f80000,0x00000000e6a7bf10,0x00000000e6a80000)
  to   space 12800K, 0% used [0x00000000eb380000,0x00000000eb380000,0x00000000ec000000)
 ParOldGen       total 59392K, used 11725K [0x00000000a0000000, 0x00000000a3a00000, 0x00000000e0000000)
  object space 59392K, 19% used [0x00000000a0000000,0x00000000a0b73480,0x00000000a3a00000)
 Metaspace       used 34573K, capacity 35288K, committed 35456K, reserved 1079296K
  class space    used 4708K, capacity 4933K, committed 4992K, reserved 1048576K
Event: 21.061 GC heap after
Heap after GC invocations=9 (full 2):
 PSYoungGen      total 109056K, used 0K [0x00000000e0000000, 0x00000000ec000000, 0x0000000100000000)
  eden space 97792K, 0% used [0x00000000e0000000,0x00000000e0000000,0x00000000e5f80000)
  from space 11264K, 0% used [0x00000000e5f80000,0x00000000e5f80000,0x00000000e6a80000)
  to   space 12800K, 0% used [0x00000000eb380000,0x00000000eb380000,0x00000000ec000000)
 ParOldGen       total 100864K, used 17898K [0x00000000a0000000, 0x00000000a6280000, 0x00000000e0000000)
  object space 100864K, 17% used [0x00000000a0000000,0x00000000a117a860,0x00000000a6280000)
 Metaspace       used 34573K, capacity 35288K, committed 35456K, reserved 1079296K
  class space    used 4708K, capacity 4933K, committed 4992K, reserved 1048576K
}

Deoptimization events (10 events):
Event: 22.214 Thread 0x00000000191f2800 Uncommon trap: reason=bimorphic action=maybe_recompile pc=0x0000000002f7de20 method=java.util.regex.Pattern$Start.match(Ljava/util/regex/Matcher;ILjava/lang/CharSequence;)Z @ 44
Event: 22.314 Thread 0x00000000191f2800 Uncommon trap: reason=bimorphic action=maybe_recompile pc=0x0000000002f7de20 method=java.util.regex.Pattern$Start.match(Ljava/util/regex/Matcher;ILjava/lang/CharSequence;)Z @ 44
Event: 22.315 Thread 0x00000000191f2800 Uncommon trap: reason=bimorphic action=maybe_recompile pc=0x0000000002f7de20 method=java.util.regex.Pattern$Start.match(Ljava/util/regex/Matcher;ILjava/lang/CharSequence;)Z @ 44
Event: 22.320 Thread 0x00000000191f2800 Uncommon trap: reason=bimorphic action=maybe_recompile pc=0x0000000002f7de20 method=java.util.regex.Pattern$Start.match(Ljava/util/regex/Matcher;ILjava/lang/CharSequence;)Z @ 44
Event: 23.140 Thread 0x00000000191f2800 Uncommon trap: reason=unstable_if action=reinterpret pc=0x0000000003a85af4 method=java.util.jar.Attributes$Name.isDigit(C)Z @ 3
Event: 23.386 Thread 0x00000000191f2800 Uncommon trap: reason=unstable_if action=reinterpret pc=0x000000000379a98c method=java.lang.ThreadLocal.get()Ljava/lang/Object; @ 11
Event: 23.562 Thread 0x00000000191f2800 Uncommon trap: reason=bimorphic action=maybe_recompile pc=0x0000000002fb52d4 method=java.util.regex.Pattern$Start.match(Ljava/util/regex/Matcher;ILjava/lang/CharSequence;)Z @ 44
Event: 23.567 Thread 0x00000000191f2800 Uncommon trap: reason=unstable_if action=reinterpret pc=0x00000000033406bc method=java.lang.CharacterDataLatin1.isWhitespace(I)Z @ 14
Event: 24.087 Thread 0x00000000191f2800 Uncommon trap: reason=unstable_if action=reinterpret pc=0x000000000350bfec method=java.security.CodeSource.getCertificates()[Ljava/security/cert/Certificate; @ 22
Event: 24.190 Thread 0x00000000191f2800 Uncommon trap: reason=unstable_if action=reinterpret pc=0x0000000003702300 method=java.util.LinkedHashMap.get(Ljava/lang/Object;)Ljava/lang/Object; @ 20

Internal exceptions (10 events):
Event: 25.839 Thread 0x00000000191f2800 Exception <a 'java/lang/ClassNotFoundException': org/gradle/api/internal/FactoryNamedDomainObjectContainer_DecoratedBeanInfo> (0x00000000e22b1e80) thrown at [C:\re\workspace\8-2-build-windows-amd64-cygwin\jdk8u131\8869\hotspot\src\share\vm\classfile\syste
Event: 25.840 Thread 0x00000000191f2800 Exception <a 'java/lang/ClassNotFoundException': org/gradle/api/internal/FactoryNamedDomainObjectContainerBeanInfo> (0x00000000e22de218) thrown at [C:\re\workspace\8-2-build-windows-amd64-cygwin\jdk8u131\8869\hotspot\src\share\vm\classfile\systemDictionar
Event: 25.941 Thread 0x00000000191f2800 Exception <a 'java/lang/ClassNotFoundException': org/gradle/api/internal/AbstractNamedDomainObjectContainerBeanInfo> (0x00000000e230a790) thrown at [C:\re\workspace\8-2-build-windows-amd64-cygwin\jdk8u131\8869\hotspot\src\share\vm\classfile\systemDictiona
Event: 25.943 Thread 0x00000000191f2800 Exception <a 'java/lang/ClassNotFoundException': org/gradle/api/internal/DefaultNamedDomainObjectSetBeanInfo> (0x00000000e2334ff0) thrown at [C:\re\workspace\8-2-build-windows-amd64-cygwin\jdk8u131\8869\hotspot\src\share\vm\classfile\systemDictionary.cpp,
Event: 25.944 Thread 0x00000000191f2800 Exception <a 'java/lang/ClassNotFoundException': org/gradle/api/internal/DefaultNamedDomainObjectSetCustomizer> (0x00000000e2360240) thrown at [C:\re\workspace\8-2-build-windows-amd64-cygwin\jdk8u131\8869\hotspot\src\share\vm\classfile\systemDictionary.cp
Event: 25.946 Thread 0x00000000191f2800 Exception <a 'java/lang/ClassNotFoundException': org/gradle/api/internal/AbstractNamedDomainObjectContainerCustomizer> (0x00000000e23aaa98) thrown at [C:\re\workspace\8-2-build-windows-amd64-cygwin\jdk8u131\8869\hotspot\src\share\vm\classfile\systemDictio
Event: 25.950 Thread 0x00000000191f2800 Exception <a 'java/lang/ClassNotFoundException': org/gradle/api/internal/FactoryNamedDomainObjectContainerCustomizer> (0x00000000e23ee198) thrown at [C:\re\workspace\8-2-build-windows-amd64-cygwin\jdk8u131\8869\hotspot\src\share\vm\classfile\systemDiction
Event: 25.951 Thread 0x00000000191f2800 Exception <a 'java/lang/ClassNotFoundException': org/gradle/api/internal/FactoryNamedDomainObjectContainer_DecoratedCustomizer> (0x00000000e2429f30) thrown at [C:\re\workspace\8-2-build-windows-amd64-cygwin\jdk8u131\8869\hotspot\src\share\vm\classfile\sys
Event: 25.955 Thread 0x00000000191f2800 Exception <a 'java/lang/ClassNotFoundException': build_504xhdj9v263u6oo3sljpu934$_run_closure1$_closure4BeanInfo> (0x00000000e247b130) thrown at [C:\re\workspace\8-2-build-windows-amd64-cygwin\jdk8u131\8869\hotspot\src\share\vm\classfile\systemDictionary.
Event: 25.956 Thread 0x00000000191f2800 Exception <a 'java/lang/ClassNotFoundException': build_504xhdj9v263u6oo3sljpu934$_run_closure1$_closure4Customizer> (0x00000000e2490f88) thrown at [C:\re\workspace\8-2-build-windows-amd64-cygwin\jdk8u131\8869\hotspot\src\share\vm\classfile\systemDictionar

Events (10 events):
Event: 25.954 loading class build_504xhdj9v263u6oo3sljpu934$_run_closure1$_closure4BeanInfo
Event: 25.954 loading class build_504xhdj9v263u6oo3sljpu934$_run_closure1$_closure4BeanInfo done
Event: 25.955 loading class build_504xhdj9v263u6oo3sljpu934$_run_closure1$_closure4BeanInfo
Event: 25.955 loading class build_504xhdj9v263u6oo3sljpu934$_run_closure1$_closure4BeanInfo done
Event: 25.955 loading class build_504xhdj9v263u6oo3sljpu934$_run_closure1$_closure4Customizer
Event: 25.955 loading class build_504xhdj9v263u6oo3sljpu934$_run_closure1$_closure4Customizer done
Event: 25.956 loading class build_504xhdj9v263u6oo3sljpu934$_run_closure1$_closure4Customizer
Event: 25.956 loading class build_504xhdj9v263u6oo3sljpu934$_run_closure1$_closure4Customizer done
Event: 25.961 loading class build_504xhdj9v263u6oo3sljpu934$_run_closure1BeanInfo
Event: 25.961 loading class build_504xhdj9v263u6oo3sljpu934$_run_closure1BeanInfo done


Dynamic libraries:
0x00007ff68f890000 - 0x00007ff68f8c7000 	C:\Program Files\Java\jdk1.8.0_131\bin\java.exe
0x00007ffb306f0000 - 0x00007ffb308cb000 	C:\WINDOWS\SYSTEM32\ntdll.dll
0x00007ffb2ea00000 - 0x00007ffb2eaae000 	C:\WINDOWS\System32\KERNEL32.DLL
0x00007ffb2cd80000 - 0x00007ffb2cfc9000 	C:\WINDOWS\System32\KERNELBASE.dll
0x00007ffb305a0000 - 0x00007ffb30641000 	C:\WINDOWS\System32\ADVAPI32.dll
0x00007ffb2e210000 - 0x00007ffb2e2ad000 	C:\WINDOWS\System32\msvcrt.dll
0x00007ffb2e320000 - 0x00007ffb2e379000 	C:\WINDOWS\System32\sechost.dll
0x00007ffb30350000 - 0x00007ffb30475000 	C:\WINDOWS\System32\RPCRT4.dll
0x00007ffb30140000 - 0x00007ffb3028a000 	C:\WINDOWS\System32\USER32.dll
0x00007ffb2d7d0000 - 0x00007ffb2d7ee000 	C:\WINDOWS\System32\win32u.dll
0x00007ffb304e0000 - 0x00007ffb30507000 	C:\WINDOWS\System32\GDI32.dll
0x00007ffb2d7f0000 - 0x00007ffb2d979000 	C:\WINDOWS\System32\gdi32full.dll
0x00007ffb2cfd0000 - 0x00007ffb2d06a000 	C:\WINDOWS\System32\msvcp_win.dll
0x00007ffb2d980000 - 0x00007ffb2da76000 	C:\WINDOWS\System32\ucrtbase.dll
0x00007ffb213c0000 - 0x00007ffb21627000 	C:\WINDOWS\WinSxS\amd64_microsoft.windows.common-controls_6595b64144ccf1df_6.0.15063.0_none_108e4f62dfe5d999\COMCTL32.dll
0x00007ffb2dc50000 - 0x00007ffb2df49000 	C:\WINDOWS\System32\combase.dll
0x00007ffb2cd10000 - 0x00007ffb2cd7a000 	C:\WINDOWS\System32\bcryptPrimitives.dll
0x00007ffb30060000 - 0x00007ffb3008d000 	C:\WINDOWS\System32\IMM32.DLL
0x00000000561b0000 - 0x0000000056282000 	C:\Program Files\Java\jdk1.8.0_131\jre\bin\msvcr100.dll
0x0000000055910000 - 0x00000000561ac000 	C:\Program Files\Java\jdk1.8.0_131\jre\bin\server\jvm.dll
0x00007ffb30590000 - 0x00007ffb30598000 	C:\WINDOWS\System32\PSAPI.DLL
0x00007ffb299d0000 - 0x00007ffb299d9000 	C:\WINDOWS\SYSTEM32\WSOCK32.dll
0x00007ffb2e2b0000 - 0x00007ffb2e31c000 	C:\WINDOWS\System32\WS2_32.dll
0x00007ffb2af10000 - 0x00007ffb2af33000 	C:\WINDOWS\SYSTEM32\WINMM.dll
0x00007ffb25850000 - 0x00007ffb2585a000 	C:\WINDOWS\SYSTEM32\VERSION.dll
0x00007ffb2aee0000 - 0x00007ffb2af0b000 	C:\WINDOWS\SYSTEM32\WINMMBASE.dll
0x00007ffb2cc10000 - 0x00007ffb2cc59000 	C:\WINDOWS\System32\cfgmgr32.dll
0x0000000055900000 - 0x000000005590f000 	C:\Program Files\Java\jdk1.8.0_131\jre\bin\verify.dll
0x00000000558d0000 - 0x00000000558f9000 	C:\Program Files\Java\jdk1.8.0_131\jre\bin\java.dll
0x00000000558b0000 - 0x00000000558c6000 	C:\Program Files\Java\jdk1.8.0_131\jre\bin\zip.dll
0x00007ffb2eab0000 - 0x00007ffb2fee7000 	C:\WINDOWS\System32\SHELL32.dll
0x00007ffb30090000 - 0x00007ffb3013a000 	C:\WINDOWS\System32\shcore.dll
0x00007ffb2d0d0000 - 0x00007ffb2d7c2000 	C:\WINDOWS\System32\windows.storage.dll
0x00007ffb30480000 - 0x00007ffb304d1000 	C:\WINDOWS\System32\shlwapi.dll
0x00007ffb2cbf0000 - 0x00007ffb2cc01000 	C:\WINDOWS\System32\kernel.appcore.dll
0x00007ffb2cb80000 - 0x00007ffb2cbcc000 	C:\WINDOWS\System32\powrprof.dll
0x00007ffb2cb60000 - 0x00007ffb2cb75000 	C:\WINDOWS\System32\profapi.dll
0x0000000055890000 - 0x00000000558aa000 	C:\Program Files\Java\jdk1.8.0_131\jre\bin\net.dll
0x00007ffb2c410000 - 0x00007ffb2c46c000 	C:\WINDOWS\system32\mswsock.dll
0x0000000055870000 - 0x0000000055881000 	C:\Program Files\Java\jdk1.8.0_131\jre\bin\nio.dll
0x00007ffb191c0000 - 0x00007ffb191d2000 	C:\Users\mark0\.gradle\native\19\windows-amd64\native-platform.dll
0x00007ffb2c5b0000 - 0x00007ffb2c5c7000 	C:\WINDOWS\SYSTEM32\CRYPTSP.dll
0x00007ffb2c030000 - 0x00007ffb2c064000 	C:\WINDOWS\system32\rsaenh.dll
0x00007ffb2ca30000 - 0x00007ffb2ca55000 	C:\WINDOWS\SYSTEM32\bcrypt.dll
0x00007ffb2ca90000 - 0x00007ffb2cab9000 	C:\WINDOWS\SYSTEM32\USERENV.dll
0x00007ffb2c5d0000 - 0x00007ffb2c5db000 	C:\WINDOWS\SYSTEM32\CRYPTBASE.dll
0x00007ffb2c1b0000 - 0x00007ffb2c1e7000 	C:\WINDOWS\SYSTEM32\IPHLPAPI.DLL
0x00007ffb2e830000 - 0x00007ffb2e838000 	C:\WINDOWS\System32\NSI.dll
0x00007ffb25830000 - 0x00007ffb25846000 	C:\WINDOWS\SYSTEM32\dhcpcsvc6.DLL
0x00007ffb25c30000 - 0x00007ffb25c4a000 	C:\WINDOWS\SYSTEM32\dhcpcsvc.DLL
0x0000000055860000 - 0x000000005586d000 	C:\Program Files\Java\jdk1.8.0_131\jre\bin\management.dll

VM Arguments:
jvm_args: -Xmx1536m -Dfile.encoding=windows-1251 -Duser.country=RU -Duser.language=ru -Duser.variant 
java_command: org.gradle.launcher.daemon.bootstrap.GradleDaemon 2.14.1
java_class_path (initial): C:\Users\mark0\.gradle\wrapper\dists\gradle-2.14.1-all\8bnwg5hd3w55iofp58khbp6yv\gradle-2.14.1\lib\gradle-launcher-2.14.1.jar
Launcher Type: SUN_STANDARD

Environment Variables:
PATH=C:\ProgramData\Oracle\Java\javapath;C:\Windows\system32;C:\Windows;C:\Windows\System32\Wbem;C:\Windows\System32\WindowsPowerShell\v1.0\;C:\Program Files (x86)\NVIDIA Corporation\PhysX\Common;C:\Program Files\Microsoft SQL Server\120\DTS\Binn\;C:\Program Files\Microsoft SQL Server\Client SDK\ODBC\110\Tools\Binn\;C:\Program Files (x86)\Microsoft SQL Server\120\Tools\Binn\;C:\Program Files\Microsoft SQL Server\120\Tools\Binn\;C:\Program Files (x86)\Microsoft SQL Server\120\Tools\Binn\ManagementStudio\;C:\Program Files (x86)\Microsoft SQL Server\120\DTS\Binn\;C:\Program Files\Microsoft SQL Server\130\Tools\Binn\;C:\Program Files\dotnet\;C:\Program Files (x86)\Xoreax\IncrediBuild;C:\Program Files\Git\cmd;C:\Program Files (x86)\Microsoft Emulator Manager\1.0\;C:\Program Files (x86)\Skype\Phone\;C:\WINDOWS\system32;C:\WINDOWS;C:\WINDOWS\System32\Wbem;C:\WINDOWS\System32\WindowsPowerShell\v1.0\;C:\Program Files\nodejs\;C:\Users\mark0\AppData\Local\Microsoft\WindowsApps;;C:\Program Files (x86)\Microsoft VS Code\bin;C:\Users\mark0\AppData\Roaming\npm
USERNAME=MARKAN
OS=Windows_NT
PROCESSOR_IDENTIFIER=Intel64 Family 6 Model 58 Stepping 9, GenuineIntel



---------------  S Y S T E M  ---------------

OS: Windows 10.0 , 64 bit Build 15063 (10.0.15063.0)

CPU:total 4 (initial active 4) (2 cores per cpu, 2 threads per core) family 6 model 58 stepping 9, cmov, cx8, fxsr, mmx, sse, sse2, sse3, ssse3, sse4.1, sse4.2, popcnt, avx, aes, clmul, erms, ht, tsc, tscinvbit, tscinv

Memory: 4k page, physical 8254308k(90700k free), swap 10202980k(7812k free)

vm_info: Java HotSpot(TM) 64-Bit Server VM (25.131-b11) for windows-amd64 JRE (1.8.0_131-b11), built on Mar 15 2017 01:23:53 by "java_re" with MS VC++ 10.0 (VS2010)

time: Wed Jun 28 13:57:06 2017
elapsed time: 26 seconds (0d 0h 0m 26s)

